Watching for file changes with StatReloader
Watching for file changes with StatReloader
"GET / HTTP/1.1" 200 2374
"GET /instool/upload/ HTTP/1.1" 200 2575
"POST /instool/upload/ HTTP/1.1" 302 0
"GET /instool/toinsertdata/f531fc9b-5b38-4c10-8d06-50f681db8105/ HTTP/1.1" 200 6682
"POST /instool/fromidupload/ HTTP/1.1" 200 25520
"POST /instool/update/ HTTP/1.1" 302 0
"GET /instool/list/ HTTP/1.1" 200 17559
"GET /admin/ HTTP/1.1" 200 11759
"GET /admin/insertdataapp/document/ HTTP/1.1" 200 13554
"GET /admin/jsi18n/ HTTP/1.1" 200 10322
"POST /admin/insertdataapp/document/ HTTP/1.1" 200 11975
"POST /admin/insertdataapp/document/ HTTP/1.1" 302 0
"GET /admin/insertdataapp/document/ HTTP/1.1" 200 9232
"GET /admin/jsi18n/ HTTP/1.1" 200 10322
"GET /admin/insertdataapp/otherfiles/ HTTP/1.1" 200 9090
"GET /admin/jsi18n/ HTTP/1.1" 200 10322
"GET /admin/insertdataapp/maimltype/ HTTP/1.1" 200 10815
"GET /admin/jsi18n/ HTTP/1.1" 200 10322
"GET /admin/auth/group/ HTTP/1.1" 200 9383
"GET /static/admin/img/search.svg HTTP/1.1" 200 458
"GET /admin/jsi18n/ HTTP/1.1" 200 10322
"GET /admin/auth/user/ HTTP/1.1" 200 14163
"GET /admin/jsi18n/ HTTP/1.1" 200 10322
"GET /static/admin/img/sorting-icons.svg HTTP/1.1" 200 1097
"GET /admin/auth/user/add/ HTTP/1.1" 200 13886
"GET /admin/jsi18n/ HTTP/1.1" 200 10322
"GET /static/admin/css/unusable_password_field.css HTTP/1.1" 200 663
"GET /static/admin/js/unusable_password_field.js HTTP/1.1" 200 1480
"POST /admin/auth/user/add/ HTTP/1.1" 200 14125
"GET /admin/jsi18n/ HTTP/1.1" 200 10322
"POST /admin/auth/user/add/ HTTP/1.1" 200 14105
"GET /admin/jsi18n/ HTTP/1.1" 200 10322
"GET /admin/auth/user/ HTTP/1.1" 200 14163
"GET /admin/jsi18n/ HTTP/1.1" 200 10322
"GET /admin/auth/user/2/change/ HTTP/1.1" 200 25691
"GET /static/admin/js/calendar.js HTTP/1.1" 200 9141
"GET /admin/jsi18n/ HTTP/1.1" 200 10322
"GET /static/admin/js/SelectBox.js HTTP/1.1" 200 4530
"GET /static/admin/js/SelectFilter2.js HTTP/1.1" 200 15502
"GET /static/admin/js/admin/DateTimeShortcuts.js HTTP/1.1" 200 19319
"GET /static/admin/img/icon-calendar.svg HTTP/1.1" 200 1086
"GET /static/admin/img/icon-unknown-alt.svg HTTP/1.1" 200 655
"GET /static/admin/img/icon-unknown.svg HTTP/1.1" 200 655
"GET /static/admin/img/selector-icons.svg HTTP/1.1" 200 3291
"GET /static/admin/img/icon-clock.svg HTTP/1.1" 200 677
"GET /admin/auth/user/ HTTP/1.1" 200 14163
"GET /admin/auth/user/1/change/ HTTP/1.1" 200 25735
"GET /admin/jsi18n/ HTTP/1.1" 200 10322
"GET /admin/auth/user/ HTTP/1.1" 200 14163
"GET /admin/auth/user/3/change/ HTTP/1.1" 200 25723
"GET /admin/jsi18n/ HTTP/1.1" 200 10322
"GET /admin/auth/user/3/password/ HTTP/1.1" 200 10659
"POST /admin/auth/user/3/password/ HTTP/1.1" 302 0
"GET /admin/auth/user/3/change/ HTTP/1.1" 200 25877
"GET /admin/jsi18n/ HTTP/1.1" 200 10322
"GET /admin/auth/user/ HTTP/1.1" 200 14163
"GET /admin/jsi18n/ HTTP/1.1" 200 10322
"POST /admin/auth/user/ HTTP/1.1" 200 33348
"POST /admin/auth/user/ HTTP/1.1" 302 0
"GET /admin/auth/user/ HTTP/1.1" 302 0
"GET /admin/login/?next=/admin/auth/user/ HTTP/1.1" 200 4464
"GET /static/admin/css/login.css HTTP/1.1" 304 0
"POST /admin/login/?next=/admin/auth/user/ HTTP/1.1" 302 0
"GET /admin/auth/user/ HTTP/1.1" 200 13694
"GET /admin/jsi18n/ HTTP/1.1" 200 10322
"GET /instool/list/ HTTP/1.1" 200 3674
"GET / HTTP/1.1" 200 2374
